0 info it worked if it ends with ok
1 verbose cli [ 'e:\\nodeJS\\node.exe',
1 verbose cli   'e:\\nodeJS\\node_modules\\npm\\bin\\npm-cli.js',
1 verbose cli   'publish' ]
2 info using npm@2.7.4
3 info using node@v0.12.2
4 verbose publish [ '.' ]
5 silly cache add args [ '.', null ]
6 verbose cache add spec .
7 silly cache add parsed spec { raw: '.',
7 silly cache add   scope: null,
7 silly cache add   name: null,
7 silly cache add   rawSpec: '.',
7 silly cache add   spec: 'e:\\nodejs\\project\\my-angular',
7 silly cache add   type: 'directory' }
8 verbose addLocalDirectory C:\Users\Administrator\AppData\Roaming\npm-cache\myangular\0.0.0\package.tgz not in flight; packing
9 verbose tar pack [ 'C:\\Users\\Administrator\\AppData\\Roaming\\npm-cache\\myangular\\0.0.0\\package.tgz',
9 verbose tar pack   'e:\\nodejs\\project\\my-angular' ]
10 verbose tarball C:\Users\Administrator\AppData\Roaming\npm-cache\myangular\0.0.0\package.tgz
11 verbose folder e:\nodejs\project\my-angular
12 info prepublish myangular@0.0.0
13 verbose addLocalTarball adding from inside cache C:\Users\Administrator\AppData\Roaming\npm-cache\myangular\0.0.0\package.tgz
14 silly cache afterAdd myangular@0.0.0
15 verbose afterAdd C:\Users\Administrator\AppData\Roaming\npm-cache\myangular\0.0.0\package\package.json not in flight; writing
16 verbose afterAdd C:\Users\Administrator\AppData\Roaming\npm-cache\myangular\0.0.0\package\package.json written
17 silly publish { name: 'myangular',
17 silly publish   version: '0.0.0',
17 silly publish   dependencies:
17 silly publish    { 'bcrypt-nodejs': '0.0.3',
17 silly publish      'mongoose-password-bcrypt-nodejs': '^0.1.1' },
17 silly publish   devDependencies:
17 silly publish    { ccap: '^0.5.3',
17 silly publish      'cookie-parser': '^1.3.4',
17 silly publish      'cookie-session': '^1.1.0',
17 silly publish      'express-session': '^1.10.3',
17 silly publish      grunt: '^0.4.1',
17 silly publish      'grunt-autoprefixer': '^0.7.3',
17 silly publish      'grunt-concurrent': '^0.5.0',
17 silly publish      'grunt-contrib-clean': '^0.5.0',
17 silly publish      'grunt-contrib-concat': '^0.4.0',
17 silly publish      'grunt-contrib-connect': '^0.7.1',
17 silly publish      'grunt-contrib-copy': '^0.5.0',
17 silly publish      'grunt-contrib-cssmin': '^0.9.0',
17 silly publish      'grunt-contrib-htmlmin': '^0.3.0',
17 silly publish      'grunt-contrib-imagemin': '^0.8.1',
17 silly publish      'grunt-contrib-jshint': '^0.10.0',
17 silly publish      'grunt-contrib-uglify': '^0.4.0',
17 silly publish      'grunt-contrib-watch': '^0.6.1',
17 silly publish      'grunt-filerev': '^0.2.1',
17 silly publish      'grunt-google-cdn': '^0.4.0',
17 silly publish      'grunt-karma': '^0.10.1',
17 silly publish      'grunt-newer': '^0.7.0',
17 silly publish      'grunt-ng-annotate': '^0.4.0',
17 silly publish      'grunt-svgmin': '^0.4.0',
17 silly publish      'grunt-usemin': '^2.1.1',
17 silly publish      'grunt-wiredep': '^1.7.0',
17 silly publish      'jshint-stylish': '^0.2.0',
17 silly publish      'load-grunt-tasks': '^0.4.0',
17 silly publish      mongoose: '^3.8.24',
17 silly publish      protractor: '^1.6.1',
17 silly publish      'time-grunt': '^0.3.1',
17 silly publish      underscore: '^1.8.2' },
17 silly publish   engines: { node: '>=0.10.0' },
17 silly publish   scripts: { test: 'grunt test', install: 'node-gyp rebuild' },
17 silly publish   gypfile: true,
17 silly publish   readme: 'ERROR: No README data found!',
17 silly publish   _id: 'myangular@0.0.0',
17 silly publish   _shasum: '59b35d87514415e7e1cf5921a1fab405c6b8e71b',
17 silly publish   _from: '.' }
18 silly mapToRegistry name myangular
19 silly mapToRegistry using default registry
20 silly mapToRegistry registry https://registry.npmjs.org/
21 silly mapToRegistry uri https://registry.npmjs.org/myangular
22 verbose publish registryBase https://registry.npmjs.org/
23 silly publish uploading C:\Users\Administrator\AppData\Roaming\npm-cache\myangular\0.0.0\package.tgz
24 verbose stack Error: auth required for publishing
24 verbose stack     at CachingRegistryClient.publish (e:\nodeJS\node_modules\npm\node_modules\npm-registry-client\lib\publish.js:30:14)
24 verbose stack     at e:\nodeJS\node_modules\npm\lib\publish.js:144:14
24 verbose stack     at mapToRegistry (e:\nodeJS\node_modules\npm\lib\utils\map-to-registry.js:55:3)
24 verbose stack     at publish_ (e:\nodeJS\node_modules\npm\lib\publish.js:114:3)
24 verbose stack     at Array.<anonymous> (e:\nodeJS\node_modules\npm\node_modules\slide\lib\bind-actor.js:15:8)
24 verbose stack     at LOOP (e:\nodeJS\node_modules\npm\node_modules\slide\lib\chain.js:15:14)
24 verbose stack     at LOOP (e:\nodeJS\node_modules\npm\node_modules\slide\lib\chain.js:14:28)
24 verbose stack     at chain (e:\nodeJS\node_modules\npm\node_modules\slide\lib\chain.js:20:5)
24 verbose stack     at e:\nodeJS\node_modules\npm\lib\publish.js:74:5
24 verbose stack     at RES (e:\nodeJS\node_modules\npm\node_modules\inflight\inflight.js:23:14)
25 verbose cwd e:\nodejs\project\my-angular
26 error Windows_NT 6.3.9600
27 error argv "e:\\nodeJS\\node.exe" "e:\\nodeJS\\node_modules\\npm\\bin\\npm-cli.js" "publish"
28 error node v0.12.2
29 error npm  v2.7.4
30 error code ENEEDAUTH
31 error need auth auth required for publishing
31 error need auth You need to authorize this machine using `npm adduser`
32 verbose exit [ 1, true ]
